<?xml version="1.0" encoding="UTF-8"?>
<testsuite xmlns:xsi="http://www.w3.org/2001/XMLSchema-instance" xsi:schemaLocation="https://maven.apache.org/surefire/maven-surefire-plugin/xsd/surefire-test-report.xsd" name="test.Report_Test" time="0.034" tests="1" errors="1" skipped="0" failures="0">
  <properties>
    <property name="java.vendor" value="Oracle Corporation"/>
    <property name="JOB_NAME" value="Project_1"/>
    <property name="PWD" value="/"/>
    <property name="sun.java.launcher" value="SUN_STANDARD"/>
    <property name="sun.management.compiler" value="HotSpot 64-Bit Tiered Compilers"/>
    <property name="JENKINS_HOME" value="/Users/Shared/Jenkins/Home"/>
    <property name="PATH" value="/Library/Java/JavaVirtualMachines/jdk1.8.0_101.jdk/Contents/Home/bin:/usr/bin:/bin:/usr/sbin:/sbin"/>
    <property name="HUDSON_SERVER_COOKIE" value="c47cee5586603b30"/>
    <property name="POM_ARTIFACTID" value="Report_23Tr"/>
    <property name="os.name" value="Mac OS X"/>
    <property name="sun.boot.class.path" value="/Library/Java/JavaVirtualMachines/jdk1.8.0_101.jdk/Contents/Home/jre/lib/resources.jar:/Library/Java/JavaVirtualMachines/jdk1.8.0_101.jdk/Contents/Home/jre/lib/rt.jar:/Library/Java/JavaVirtualMachines/jdk1.8.0_101.jdk/Contents/Home/jre/lib/sunrsasign.jar:/Library/Java/JavaVirtualMachines/jdk1.8.0_101.jdk/Contents/Home/jre/lib/jsse.jar:/Library/Java/JavaVirtualMachines/jdk1.8.0_101.jdk/Contents/Home/jre/lib/jce.jar:/Library/Java/JavaVirtualMachines/jdk1.8.0_101.jdk/Contents/Home/jre/lib/charsets.jar:/Library/Java/JavaVirtualMachines/jdk1.8.0_101.jdk/Contents/Home/jre/lib/jfr.jar:/Library/Java/JavaVirtualMachines/jdk1.8.0_101.jdk/Contents/Home/jre/classes"/>
    <property name="EXECUTOR_NUMBER" value="1"/>
    <property name="user.country.format" value="UA"/>
    <property name="java.vm.specification.vendor" value="Oracle Corporation"/>
    <property name="POM_DISPLAYNAME" value="Maven Quick Start Archetype"/>
    <property name="NODE_LABELS" value="master"/>
    <property name="java.runtime.version" value="1.8.0_101-b13"/>
    <property name="user.name" value="jenkins"/>
    <property name="guice.disable.misplaced.annotation.check" value="true"/>
    <property name="user.language" value="en"/>
    <property name="JOB_BASE_NAME" value="Project_1"/>
    <property name="BUILD_DISPLAY_NAME" value="#268"/>
    <property name="TMPDIR" value="/var/folders/mz/v7hq7rmd11b5mhnchtkf2__h000086/T/"/>
    <property name="sun.boot.library.path" value="/Library/Java/JavaVirtualMachines/jdk1.8.0_101.jdk/Contents/Home/jre/lib"/>
    <property name="java.version" value="1.8.0_101"/>
    <property name="XPC_FLAGS" value="0x0"/>
    <property name="user.timezone" value="Europe/Kiev"/>
    <property name="sun.arch.data.model" value="64"/>
    <property name="NODE_NAME" value="master"/>
    <property name="http.nonProxyHosts" value="local|*.local|169.254/16|*.169.254/16"/>
    <property name="java.endorsed.dirs" value="/Library/Java/JavaVirtualMachines/jdk1.8.0_101.jdk/Contents/Home/jre/lib/endorsed"/>
    <property name="BUILD_ID" value="268"/>
    <property name="sun.cpu.isalist" value=""/>
    <property name="sun.jnu.encoding" value="UTF-8"/>
    <property name="file.encoding.pkg" value="sun.io"/>
    <property name="SHELL" value="/bin/bash"/>
    <property name="file.separator" value="/"/>
    <property name="java.specification.name" value="Java Platform API Specification"/>
    <property name="java.class.version" value="52.0"/>
    <property name="org.slf4j.simpleLogger.defaultLogLevel" value="info"/>
    <property name="user.country" value="US"/>
    <property name="java.home" value="/Library/Java/JavaVirtualMachines/jdk1.8.0_101.jdk/Contents/Home/jre"/>
    <property name="java.vm.info" value="mixed mode"/>
    <property name="os.version" value="10.12.3"/>
    <property name="POM_VERSION" value="1.0-SNAPSHOT"/>
    <property name="sun.font.fontmanager" value="sun.font.CFontManager"/>
    <property name="path.separator" value=":"/>
    <property name="java.vm.version" value="25.101-b13"/>
    <property name="JAVA_MAIN_CLASS_2150" value="Main"/>
    <property name="SHLVL" value="0"/>
    <property name="java.awt.printerjob" value="sun.lwawt.macosx.CPrinterJob"/>
    <property name="JAVA_HOME" value="/Library/Java/JavaVirtualMachines/jdk1.8.0_101.jdk/Contents/Home"/>
    <property name="sun.io.unicode.encoding" value="UnicodeBig"/>
    <property name="awt.toolkit" value="sun.lwawt.macosx.LWCToolkit"/>
    <property name="LOGNAME" value="jenkins"/>
    <property name="socksNonProxyHosts" value="local|*.local|169.254/16|*.169.254/16"/>
    <property name="POM_PACKAGING" value="jar"/>
    <property name="ftp.nonProxyHosts" value="local|*.local|169.254/16|*.169.254/16"/>
    <property name="HOME" value="/Users/Shared/Jenkins"/>
    <property name="POM_GROUPID" value="Project_1"/>
    <property name="user.home" value="/Users/Shared/Jenkins"/>
    <property name="BUILD_TAG" value="jenkins-Project_1-268"/>
    <property name="JENKINS_SERVER_COOKIE" value="c47cee5586603b30"/>
    <property name="HUDSON_URL" value="http://localhost:8080/"/>
    <property name="XPC_SERVICE_NAME" value="org.jenkins-ci"/>
    <property name="java.specification.vendor" value="Oracle Corporation"/>
    <property name="CLASSPATH" value=""/>
    <property name="java.library.path" value="/Users/Shared/Jenkins/Library/Java/Extensions:/Library/Java/Extensions:/Network/Library/Java/Extensions:/System/Library/Java/Extensions:/usr/lib/java:."/>
    <property name="java.vendor.url" value="http://java.oracle.com/"/>
    <property name="java.vm.vendor" value="Oracle Corporation"/>
    <property name="gopherProxySet" value="false"/>
    <property name="java.runtime.name" value="Java(TM) SE Runtime Environment"/>
    <property name="maven.home" value="/Users/Shared/Jenkins/Home/tools/hudson.tasks.Maven_MavenInstallation/3.3.9"/>
    <property name="java.class.path" value="/Users/Shared/Jenkins/Home/plugins/maven-plugin/WEB-INF/lib/maven32-agent-1.7.jar:/Users/Shared/Jenkins/Home/tools/hudson.tasks.Maven_MavenInstallation/3.3.9/boot/plexus-classworlds-2.5.2.jar:/Users/Shared/Jenkins/Home/tools/hudson.tasks.Maven_MavenInstallation/3.3.9/conf/logging"/>
    <property name="sun.java.command" value="jenkins.maven3.agent.Maven32Main /Users/Shared/Jenkins/Home/tools/hudson.tasks.Maven_MavenInstallation/3.3.9 /Users/Shared/Jenkins/Home/war/WEB-INF/lib/remoting-3.4.1.jar /Users/Shared/Jenkins/Home/plugins/maven-plugin/WEB-INF/lib/maven32-interceptor-1.7.jar /Users/Shared/Jenkins/Home/plugins/maven-plugin/WEB-INF/lib/maven3-interceptor-commons-1.7.jar 51166"/>
    <property name="java.vm.specification.name" value="Java Virtual Machine Specification"/>
    <property name="PATH+JDK" value="/Library/Java/JavaVirtualMachines/jdk1.8.0_101.jdk/Contents/Home/bin"/>
    <property name="java.vm.specification.version" value="1.8"/>
    <property name="sun.os.patch.level" value="unknown"/>
    <property name="sun.cpu.endian" value="little"/>
    <property name="M2_HOME" value="/Users/Shared/Jenkins/Home/tools/hudson.tasks.Maven_MavenInstallation/3.3.9"/>
    <property name="java.awt.headless" value="true"/>
    <property name="java.io.tmpdir" value="/var/folders/mz/v7hq7rmd11b5mhnchtkf2__h000086/T/"/>
    <property name="HUDSON_HOME" value="/Users/Shared/Jenkins/Home"/>
    <property name="PATH+MAVEN" value="/Users/Shared/Jenkins/Home/tools/hudson.tasks.Maven_MavenInstallation/3.3.9/bin"/>
    <property name="BUILD_URL" value="http://localhost:8080/job/Project_1/268/"/>
    <property name="java.vendor.url.bug" value="http://bugreport.sun.com/bugreport/"/>
    <property name="java.awt.graphicsenv" value="sun.awt.CGraphicsEnvironment"/>
    <property name="os.arch" value="x86_64"/>
    <property name="com.apple.java.jvmTask" value="CommandLine"/>
    <property name="java.ext.dirs" value="/Users/Shared/Jenkins/Library/Java/Extensions:/Library/Java/JavaVirtualMachines/jdk1.8.0_101.jdk/Contents/Home/jre/lib/ext:/Library/Java/Extensions:/Network/Library/Java/Extensions:/System/Library/Java/Extensions:/usr/lib/java"/>
    <property name="__CF_USER_TEXT_ENCODING" value="0x106:0:0"/>
    <property name="user.dir" value="/Users/Shared/Jenkins/Home/workspace/Project_1"/>
    <property name="JOB_URL" value="http://localhost:8080/job/Project_1/"/>
    <property name="line.separator" value="&#10;"/>
    <property name="JAVA_ARCH" value="x86_64"/>
    <property name="MAVEN_HOME" value="/Users/Shared/Jenkins/Home/tools/hudson.tasks.Maven_MavenInstallation/3.3.9"/>
    <property name="java.vm.name" value="Java HotSpot(TM) 64-Bit Server VM"/>
    <property name="BUILD_NUMBER" value="268"/>
    <property name="JENKINS_URL" value="http://localhost:8080/"/>
    <property name="file.encoding" value="UTF-8"/>
    <property name="maven3.interceptor" value="/Users/Shared/Jenkins/Home/plugins/maven-plugin/WEB-INF/lib/maven32-interceptor-1.7.jar"/>
    <property name="WORKSPACE" value="/Users/Shared/Jenkins/Home/workspace/Project_1"/>
    <property name="maven3.interceptor.common" value="/Users/Shared/Jenkins/Home/plugins/maven-plugin/WEB-INF/lib/maven3-interceptor-commons-1.7.jar"/>
    <property name="java.specification.version" value="1.8"/>
    <property name="USER" value="jenkins"/>
  </properties>
  <testcase name="Report_Test" classname="test.Report_Test" time="0.033">
    <error message="Could not contact Selenium Server; have you started it on &apos;localhost:4444&apos; ?&#10;Read more at http://seleniumhq.org/projects/remote-control/not-started.html&#10;Connection refused" type="java.lang.RuntimeException">java.lang.RuntimeException: 
Could not contact Selenium Server; have you started it on 'localhost:4444' ?
Read more at http://seleniumhq.org/projects/remote-control/not-started.html
Connection refused
	at test.Report_Test.setUp(Report_Test.java:30)
</error>
  </testcase>
</testsuite>